2020-02-18 10:35:20,598 [Worker-4: Loading available Gradle versions] INFO  o.e.b.c.i.u.g.PublishedGradleVersions - Gradle version information cache is up-to-date. Trying to read.
2020-02-18 10:35:46,755 [Worker-7: Building] INFO  o.e.m.c.i.l.LifecycleMappingFactory - Using NULL lifecycle mapping for MavenProject: com.intellectualProperty:intellectualProperty:0.0.1-SNAPSHOT @ C:\Dev\workspaces\intellectualproperty\intellectualProperty\pom.xml.
2020-02-18 10:44:15,966 [Worker-1: Loading available Gradle versions] INFO  o.e.b.c.i.u.g.PublishedGradleVersions - Gradle version information cache is up-to-date. Trying to read.
2020-02-18 10:44:56,935 [Worker-8: Building] INFO  o.e.m.c.i.l.LifecycleMappingFactory - Using org.eclipse.m2e.jdt.JarLifecycleMapping lifecycle mapping for MavenProject: com.intellectualProperty:intellectualPropertyData:0.0.1-SNAPSHOT @ C:\Dev\workspaces\intellectualproperty\intellectualProperty\intellectualPropertyData\pom.xml.
2020-02-18 10:45:01,243 [Worker-8: Building] WARN  o.e.m.c.i.embedder.EclipseLogger - Using platform encoding (Cp1252 actually) to copy filtered resources, i.e. build is platform dependent!
2020-02-18 10:45:01,256 [Worker-8: Building] INFO  o.e.m.c.i.embedder.EclipseLogger - Copying 8 resources
2020-02-18 10:45:01,347 [Worker-8: Building] WARN  o.e.m.c.i.embedder.EclipseLogger - Using platform encoding (Cp1252 actually) to copy filtered resources, i.e. build is platform dependent!
2020-02-18 10:45:01,364 [Worker-8: Building] INFO  o.e.m.c.i.embedder.EclipseLogger - skip non existing resourceDirectory C:\Dev\workspaces\intellectualproperty\intellectualProperty\intellectualPropertyData\src\test\resources
2020-02-18 10:46:44,149 [Worker-2: Loading available Gradle versions] INFO  o.e.b.c.i.u.g.PublishedGradleVersions - Gradle version information cache is out-of-date. Trying to update.
2020-02-18 10:47:33,134 [Worker-5: Loading available Gradle versions] INFO  o.e.b.c.i.u.g.PublishedGradleVersions - Gradle version information cache is up-to-date. Trying to read.
2020-02-18 10:48:15,670 [Worker-3: Building] INFO  o.e.m.c.i.l.LifecycleMappingFactory - Using NULL lifecycle mapping for MavenProject: com.intellectualProperty:intellectualProperty:0.0.1-SNAPSHOT @ C:\Dev\workspaces\intellectualproperty\intellectualProperty\pom.xml.
2020-02-18 10:48:16,199 [Worker-9: Updating Maven Dependencies] INFO  o.e.m.c.i.l.LifecycleMappingFactory - Using NULL lifecycle mapping for MavenProject: com.intellectualProperty:intellectualProperty:0.0.1-SNAPSHOT @ C:\Dev\workspaces\intellectualproperty\intellectualProperty\pom.xml.
2020-02-18 10:48:47,252 [Worker-4: Importing Maven projects] INFO  o.e.m.c.i.l.LifecycleMappingFactory - Using org.eclipse.m2e.jdt.JarLifecycleMapping lifecycle mapping for MavenProject: com.intellectualProperty:intellectualPropertyData:0.0.1-SNAPSHOT @ C:\Dev\workspaces\intellectualproperty\intellectualProperty\intellectualPropertyData\pom.xml.
2020-02-18 10:48:47,774 [Worker-4: Importing Maven projects] INFO  o.e.m.c.i.l.LifecycleMappingFactory - Using org.maven.ide.eclipse.wtp.WarLifecycleMapping lifecycle mapping for MavenProject: com.intellectualProperty:intellectualPropertyWeb:0.0.1-SNAPSHOT @ C:\Dev\workspaces\intellectualproperty\intellectualProperty\intellectualPropertyWeb\pom.xml.
2020-02-18 10:48:48,403 [Worker-4: Importing Maven projects] INFO  o.e.m.c.i.p.WorkspaceClassifierResolverManager - Resolving P/intellectualPropertyService: com.intellectualProperty:intellectualPropertyService:0.0.1-SNAPSHOT with classifier  to /intellectualPropertyService/target/classes
2020-02-18 10:48:48,404 [Worker-4: Importing Maven projects] INFO  o.e.m.c.i.p.WorkspaceClassifierResolverManager - Resolving P/intellectualPropertyData: com.intellectualProperty:intellectualPropertyData:0.0.1-SNAPSHOT with classifier  to /intellectualPropertyData/target/classes
2020-02-18 10:48:48,556 [Worker-4: Importing Maven projects] INFO  o.e.m.c.i.l.LifecycleMappingFactory - Using org.eclipse.m2e.jdt.JarLifecycleMapping lifecycle mapping for MavenProject: com.intellectualProperty:intellectualPropertyService:0.0.1-SNAPSHOT @ C:\Dev\workspaces\intellectualproperty\intellectualProperty\intellectualPropertyService\pom.xml.
2020-02-18 10:48:48,564 [Worker-4: Importing Maven projects] INFO  o.e.m.c.i.p.WorkspaceClassifierResolverManager - Resolving P/intellectualPropertyData: com.intellectualProperty:intellectualPropertyData:0.0.1-SNAPSHOT with classifier  to /intellectualPropertyData/target/classes
2020-02-18 10:48:48,728 [Worker-4: Importing Maven projects] INFO  o.e.m.c.i.l.LifecycleMappingFactory - Using org.maven.ide.eclipse.wtp.WarLifecycleMapping lifecycle mapping for MavenProject: com.intellectualProperty:intellectualPropertyWeb:0.0.1-SNAPSHOT @ C:\Dev\workspaces\intellectualproperty\intellectualProperty\intellectualPropertyWeb\pom.xml.
2020-02-18 10:48:48,745 [Worker-4: Importing Maven projects] INFO  o.e.m.c.i.p.WorkspaceClassifierResolverManager - Resolving P/intellectualPropertyService: com.intellectualProperty:intellectualPropertyService:0.0.1-SNAPSHOT with classifier  to /intellectualPropertyService/target/classes
2020-02-18 10:48:48,745 [Worker-4: Importing Maven projects] INFO  o.e.m.c.i.p.WorkspaceClassifierResolverManager - Resolving P/intellectualPropertyData: com.intellectualProperty:intellectualPropertyData:0.0.1-SNAPSHOT with classifier  to /intellectualPropertyData/target/classes
2020-02-18 10:48:49,426 [Worker-4: Importing Maven projects] INFO  o.e.m.c.i.p.WorkspaceClassifierResolverManager - Resolving P/intellectualPropertyService: com.intellectualProperty:intellectualPropertyService:0.0.1-SNAPSHOT with classifier  to /intellectualPropertyService/target/classes
2020-02-18 10:48:49,426 [Worker-4: Importing Maven projects] INFO  o.e.m.c.i.p.WorkspaceClassifierResolverManager - Resolving P/intellectualPropertyData: com.intellectualProperty:intellectualPropertyData:0.0.1-SNAPSHOT with classifier  to /intellectualPropertyData/target/classes
2020-02-18 10:48:52,174 [Worker-4: Importing Maven projects] INFO  o.e.m.j.i.AbstractJavaProjectConfigurator - Adding source folder /intellectualPropertyData/src/main/java
2020-02-18 10:48:52,175 [Worker-4: Importing Maven projects] INFO  o.e.m.j.i.AbstractJavaProjectConfigurator - Adding resource folder /intellectualPropertyData/src/main/resources
2020-02-18 10:48:52,178 [Worker-4: Importing Maven projects] INFO  o.e.m.j.i.AbstractJavaProjectConfigurator - Adding source folder /intellectualPropertyData/src/test/java
2020-02-18 10:48:55,883 [Worker-4: Importing Maven projects] INFO  o.e.m.j.i.AbstractJavaProjectConfigurator - Adding source folder /intellectualPropertyService/src/main/java
2020-02-18 10:48:55,883 [Worker-4: Importing Maven projects] INFO  o.e.m.j.i.AbstractJavaProjectConfigurator - Adding resource folder /intellectualPropertyService/src/main/resources
2020-02-18 10:48:55,884 [Worker-4: Importing Maven projects] INFO  o.e.m.j.i.AbstractJavaProjectConfigurator - Adding source folder /intellectualPropertyService/src/test/java
2020-02-18 10:48:56,320 [Worker-4: Importing Maven projects] INFO  o.e.m.j.i.AbstractJavaProjectConfigurator - Adding source folder /intellectualPropertyWeb/src/main/java
2020-02-18 10:48:56,323 [Worker-4: Importing Maven projects] INFO  o.e.m.j.i.AbstractJavaProjectConfigurator - Adding source folder /intellectualPropertyWeb/src/test/java
2020-02-18 10:48:57,260 [Worker-4: Importing Maven projects] ERROR o.e.m2e.wtp.WTPProjectConfigurator - Unable to configure intellectualPropertyWeb
org.eclipse.m2e.wtp.MarkedException: Unable to configure intellectualPropertyWeb
	at org.eclipse.m2e.wtp.AbstractProjectConfiguratorDelegate.configureProject(AbstractProjectConfiguratorDelegate.java:101) ~[na:na]
	at org.eclipse.m2e.wtp.WTPProjectConfigurator.configure(WTPProjectConfigurator.java:70) ~[na:na]
	at org.eclipse.m2e.core.project.configurator.AbstractLifecycleMapping.configure(AbstractLifecycleMapping.java:122) ~[na:na]
	at org.eclipse.m2e.core.internal.project.ProjectConfigurationManager.lambda$2(ProjectConfigurationManager.java:509) ~[na:na]
	at org.eclipse.m2e.core.internal.embedder.MavenExecutionContext.executeBare(MavenExecutionContext.java:179) ~[na:na]
	at org.eclipse.m2e.core.internal.embedder.MavenExecutionContext.execute(MavenExecutionContext.java:153) ~[na:na]
	at org.eclipse.m2e.core.internal.project.ProjectConfigurationManager.updateProjectConfiguration(ProjectConfigurationManager.java:503) ~[na:na]
	at org.eclipse.m2e.core.internal.project.ProjectConfigurationManager.configureNewMavenProjects(ProjectConfigurationManager.java:294) ~[na:na]
	at org.eclipse.m2e.core.internal.project.ProjectConfigurationManager.lambda$0(ProjectConfigurationManager.java:174) ~[na:na]
	at org.eclipse.m2e.core.internal.embedder.MavenExecutionContext.executeBare(MavenExecutionContext.java:179) ~[na:na]
	at org.eclipse.m2e.core.internal.embedder.MavenExecutionContext.execute(MavenExecutionContext.java:153) ~[na:na]
	at org.eclipse.m2e.core.internal.embedder.MavenExecutionContext.execute(MavenExecutionContext.java:101) ~[na:na]
	at org.eclipse.m2e.core.internal.embedder.MavenImpl.execute(MavenImpl.java:1375) ~[na:na]
	at org.eclipse.m2e.core.internal.project.ProjectConfigurationManager.importProjects(ProjectConfigurationManager.java:144) ~[na:na]
	at org.eclipse.m2e.core.ui.internal.wizards.ImportMavenProjectsJob$1.doCreateMavenProjects(ImportMavenProjectsJob.java:70) ~[org.eclipse.m2e.core.ui_1.14.0.20191209-1925.jar:na]
	at org.eclipse.m2e.core.ui.internal.wizards.AbstractCreateMavenProjectsOperation.run(AbstractCreateMavenProjectsOperation.java:75) ~[org.eclipse.m2e.core.ui_1.14.0.20191209-1925.jar:na]
	at org.eclipse.m2e.core.ui.internal.wizards.ImportMavenProjectsJob.runInWorkspace(ImportMavenProjectsJob.java:79) ~[org.eclipse.m2e.core.ui_1.14.0.20191209-1925.jar:na]
	at org.eclipse.core.internal.resources.InternalWorkspaceJob.run(InternalWorkspaceJob.java:42) ~[na:na]
	at org.eclipse.core.internal.jobs.Worker.run(Worker.java:63) ~[org.eclipse.core.jobs_3.10.600.v20191122-2104.jar:na]
Caused by: org.eclipse.core.runtime.CoreException: One or more constraints have not been satisfied.
	at org.eclipse.wst.common.project.facet.core.internal.FacetedProject.modifyInternal(FacetedProject.java:363) ~[na:na]
	at org.eclipse.wst.common.project.facet.core.internal.FacetedProject.mergeChangesInternal(FacetedProject.java:1181) ~[na:na]
	at org.eclipse.wst.common.project.facet.core.internal.FacetedProject.access$2(FacetedProject.java:1117) ~[na:na]
	at org.eclipse.wst.common.project.facet.core.internal.FacetedProject$1.run(FacetedProject.java:324) ~[na:na]
	at org.eclipse.core.internal.resources.Workspace.run(Workspace.java:2292) ~[na:na]
	at org.eclipse.core.internal.resources.Workspace.run(Workspace.java:2317) ~[na:na]
	at org.eclipse.wst.common.project.facet.core.internal.FacetedProject.modify(FacetedProject.java:339) ~[na:na]
	at org.eclipse.m2e.wtp.WebProjectConfiguratorDelegate.configure(WebProjectConfiguratorDelegate.java:138) ~[na:na]
	at org.eclipse.m2e.wtp.AbstractProjectConfiguratorDelegate.configureProject(AbstractProjectConfiguratorDelegate.java:97) ~[na:na]
	... 18 common frames omitted
2020-02-18 10:48:57,739 [Worker-4: Importing Maven projects] INFO  o.e.m.c.i.p.ProjectConfigurationManager - Imported and configured 3 project(s) in 11 sec
2020-02-18 10:49:01,839 [Worker-4: Building] WARN  o.e.m.c.i.embedder.EclipseLogger - Using platform encoding (Cp1252 actually) to copy filtered resources, i.e. build is platform dependent!
2020-02-18 10:49:01,860 [Worker-4: Building] INFO  o.e.m.c.i.embedder.EclipseLogger - Copying 8 resources
2020-02-18 10:49:01,918 [Worker-4: Building] WARN  o.e.m.c.i.embedder.EclipseLogger - Using platform encoding (Cp1252 actually) to copy filtered resources, i.e. build is platform dependent!
2020-02-18 10:49:01,926 [Worker-4: Building] INFO  o.e.m.c.i.embedder.EclipseLogger - skip non existing resourceDirectory C:\Dev\workspaces\intellectualproperty\intellectualProperty\intellectualPropertyData\src\test\resources
2020-02-18 10:49:02,828 [Worker-4: Building] INFO  o.e.m.c.i.p.WorkspaceClassifierResolverManager - Resolving P/intellectualPropertyData: com.intellectualProperty:intellectualPropertyData:0.0.1-SNAPSHOT with classifier  to /intellectualPropertyData/target/classes
2020-02-18 10:49:02,879 [Worker-4: Building] WARN  o.e.m.c.i.embedder.EclipseLogger - Using platform encoding (Cp1252 actually) to copy filtered resources, i.e. build is platform dependent!
2020-02-18 10:49:02,896 [Worker-4: Building] INFO  o.e.m.c.i.embedder.EclipseLogger - Copying 1 resource
2020-02-18 10:49:02,914 [Worker-4: Building] WARN  o.e.m.c.i.embedder.EclipseLogger - Using platform encoding (Cp1252 actually) to copy filtered resources, i.e. build is platform dependent!
2020-02-18 10:49:02,926 [Worker-4: Building] INFO  o.e.m.c.i.embedder.EclipseLogger - skip non existing resourceDirectory C:\Dev\workspaces\intellectualproperty\intellectualProperty\intellectualPropertyService\src\test\resources
2020-02-18 10:49:03,793 [Worker-10: Building] INFO  o.e.m.c.i.p.WorkspaceClassifierResolverManager - Resolving P/intellectualPropertyService: com.intellectualProperty:intellectualPropertyService:0.0.1-SNAPSHOT with classifier  to /intellectualPropertyService/target/classes
2020-02-18 10:49:03,794 [Worker-10: Building] INFO  o.e.m.c.i.p.WorkspaceClassifierResolverManager - Resolving P/intellectualPropertyData: com.intellectualProperty:intellectualPropertyData:0.0.1-SNAPSHOT with classifier  to /intellectualPropertyData/target/classes
2020-02-18 10:49:03,852 [Worker-10: Building] WARN  o.e.m.c.i.embedder.EclipseLogger - Using platform encoding (Cp1252 actually) to copy filtered resources, i.e. build is platform dependent!
2020-02-18 10:49:03,869 [Worker-10: Building] INFO  o.e.m.c.i.embedder.EclipseLogger - skip non existing resourceDirectory C:\Dev\workspaces\intellectualproperty\intellectualProperty\intellectualPropertyWeb\src\main\resources
2020-02-18 10:49:03,871 [Worker-10: Building] WARN  o.e.m.c.i.embedder.EclipseLogger - Using platform encoding (Cp1252 actually) to copy filtered resources, i.e. build is platform dependent!
2020-02-18 10:49:03,884 [Worker-10: Building] INFO  o.e.m.c.i.embedder.EclipseLogger - skip non existing resourceDirectory C:\Dev\workspaces\intellectualproperty\intellectualProperty\intellectualPropertyWeb\src\test\resources
2020-02-18 10:54:02,569 [Worker-2: Building] WARN  o.e.m.c.i.embedder.EclipseLogger - Using platform encoding (Cp1252 actually) to copy filtered resources, i.e. build is platform dependent!
2020-02-18 10:54:02,599 [Worker-2: Building] INFO  o.e.m.c.i.embedder.EclipseLogger - Copying 1 resource
2020-02-18 10:54:02,603 [Worker-2: Building] WARN  o.e.m.c.i.embedder.EclipseLogger - Using platform encoding (Cp1252 actually) to copy filtered resources, i.e. build is platform dependent!
2020-02-18 10:54:02,615 [Worker-2: Building] INFO  o.e.m.c.i.embedder.EclipseLogger - skip non existing resourceDirectory C:\Dev\workspaces\intellectualproperty\intellectualProperty\intellectualPropertyData\src\test\resources
